<?xml version="1.0" encoding="UTF-8"?>
<!-- Generated by org.testng.reporters.JUnitReportReporter -->
<testsuite hostname="LAPTOP-AQ5CIB5M" failures="0" tests="1" name="TestClass" time="0.020" errors="0" timestamp="2021-12-03T15:20:21 IST" skipped="0">
  <testcase classname="TestClass" name="ShowMessage" time="0.020"/>
  <system-out/>
</testsuite> <!-- TestClass -->
